<?xml version="1.0" encoding="UTF-8"?>
<!-- Generated by org.testng.reporters.JUnitReportReporter -->
<testsuite skipped="0" hostname="DESKTOP-KCCH660" name="ParallelTest" tests="2" failures="0" timestamp="29 Apr 2023 09:12:05 GMT" time="31.835" errors="0">
  <testcase name="fireFoxTest" time="15.017" classname="ParallelTest"/>
  <testcase name="chromeTest" time="16.818" classname="ParallelTest"/>
</testsuite> <!-- ParallelTest -->
